<?xml version="1.0" encoding="UTF-8"?>
<!-- Generated by org.testng.reporters.JUnitReportReporter -->
<testsuite hostname="DESKTOP-KR14V8J" failures="0" tests="1" name="restAssuredTests.Demo4_DELETE_Request" time="3.412" errors="0" timestamp="2020-03-15T22:22:09 PDT" skipped="0">
  <testcase classname="restAssuredTests.Demo4_DELETE_Request" name="deleteEmployeeRecord" time="3.412"/>
  <system-out/>
</testsuite> <!-- restAssuredTests.Demo4_DELETE_Request -->
